[0KRunning with gitlab-runner 15.10.1 (dcfb4b66)[0;m
[0K  on gitlab-runner-fc658f4b7-dplh2 ZGZ-6XS7, system ID: r_2pdZe8OLdOBu[0;m
section_start:1680213347:prepare_executor
[0K[0K[36;1mPreparing the "kubernetes" executor[0;m[0;m
[0KUsing Kubernetes namespace: default[0;m
[0KUsing Kubernetes executor with image cr.yandex/yc/metadata-token-docker-helper:0.2 ...[0;m
[0KUsing attach strategy to execute scripts...[0;m
section_end:1680213347:prepare_executor
[0Ksection_start:1680213347:prepare_script
[0K[0K[36;1mPreparing environment[0;m[0;m
Waiting for pod default/runner-zgz-6xs7-project-2-concurrent-0wjwdx to be running, status is Pending
Running on runner-zgz-6xs7-project-2-concurrent-0wjwdx via gitlab-runner-fc658f4b7-dplh2...

section_end:1680213351:prepare_script
[0Ksection_start:1680213351:get_sources
[0K[0K[36;1mGetting source from Git repository[0;m[0;m
[32;1mFetching changes with git depth set to 20...[0;m
Initialized empty Git repository in /builds/netology/netology/.git/
[32;1mCreated fresh repository.[0;m
[32;1mChecking out f9a04c21 as detached HEAD (ref is main)...[0;m

[32;1mSkipping Git submodules setup[0;m

section_end:1680213352:get_sources
[0Ksection_start:1680213352:step_script
[0K[0K[36;1mExecuting "step_script" stage of the job script[0;m[0;m
[32;1m$ docker build . -t cr.yandex/crpdq9ddv26kvckik5rv/hello:gitlab-$CI_COMMIT_SHORT_SHA[0;m
Sending build context to Docker daemon  113.7kB

Step 1/7 : FROM python:alpine
alpine: Pulling from library/python
f56be85fc22e: Pulling fs layer
ea5757f4b3f8: Pulling fs layer
757892be48e6: Pulling fs layer
9c44c1393ea4: Pulling fs layer
a24e881083d5: Pulling fs layer
9c44c1393ea4: Waiting
a24e881083d5: Waiting
ea5757f4b3f8: Download complete
f56be85fc22e: Verifying Checksum
f56be85fc22e: Download complete
757892be48e6: Verifying Checksum
757892be48e6: Download complete
f56be85fc22e: Pull complete
ea5757f4b3f8: Pull complete
9c44c1393ea4: Verifying Checksum
9c44c1393ea4: Download complete
a24e881083d5: Verifying Checksum
a24e881083d5: Download complete
757892be48e6: Pull complete
9c44c1393ea4: Pull complete
a24e881083d5: Pull complete
Digest: sha256:4b4078a3ab81edc2f5725cd42b065beaeeb4f9be3b4b1e3b4cf11dd6ae9720d3
Status: Downloaded newer image for python:alpine
 ---> a43e0892765c
Step 2/7 : EXPOSE 5290
 ---> Running in 5b707002f79d
Removing intermediate container 5b707002f79d
 ---> 2373b7d2b969
Step 3/7 : WORKDIR /python_api
 ---> Running in 9303823e706e
Removing intermediate container 9303823e706e
 ---> 083ec41e4bf4
Step 4/7 : COPY requirements.txt ./
 ---> 48e68922fd0f
Step 5/7 : RUN pip3 install -r requirements.txt
 ---> Running in 42e2ee37faf2
Collecting flask
  Downloading Flask-2.2.3-py3-none-any.whl (101 kB)
     â”â”â”â”â”â”â”â”â”â”â”â”â”â”â”â”â”â”â”â”â”â”â”â”â”â”â”â”â”â”â”â”â”â”â”â”â”â”â” 101.8/101.8 kB 1.1 MB/s eta 0:00:00
Collecting flask-jsonpify
  Downloading Flask-Jsonpify-1.5.0.tar.gz (3.0 kB)
  Preparing metadata (setup.py): started
  Preparing metadata (setup.py): finished with status 'done'
Collecting flask-restful
  Downloading Flask_RESTful-0.3.9-py2.py3-none-any.whl (25 kB)
Collecting Werkzeug>=2.2.2
  Downloading Werkzeug-2.2.3-py3-none-any.whl (233 kB)
     â”â”â”â”â”â”â”â”â”â”â”â”â”â”â”â”â”â”â”â”â”â”â”â”â”â”â”â”â”â”â”â”â”â”â”â”â”â”â” 233.6/233.6 kB 3.6 MB/s eta 0:00:00
Collecting Jinja2>=3.0
  Downloading Jinja2-3.1.2-py3-none-any.whl (133 kB)
     â”â”â”â”â”â”â”â”â”â”â”â”â”â”â”â”â”â”â”â”â”â”â”â”â”â”â”â”â”â”â”â”â”â”â”â”â”â”â” 133.1/133.1 kB 6.8 MB/s eta 0:00:00
Collecting itsdangerous>=2.0
  Downloading itsdangerous-2.1.2-py3-none-any.whl (15 kB)
Collecting click>=8.0
  Downloading click-8.1.3-py3-none-any.whl (96 kB)
     â”â”â”â”â”â”â”â”â”â”â”â”â”â”â”â”â”â”â”â”â”â”â”â”â”â”â”â”â”â”â”â”â”â”â”â”â”â”â”â” 96.6/96.6 kB 9.8 MB/s eta 0:00:00
Collecting aniso8601>=0.82
  Downloading aniso8601-9.0.1-py2.py3-none-any.whl (52 kB)
     â”â”â”â”â”â”â”â”â”â”â”â”â”â”â”â”â”â”â”â”â”â”â”â”â”â”â”â”â”â”â”â”â”â”â”â”â”â”â”â” 52.8/52.8 kB 6.0 MB/s eta 0:00:00
Collecting six>=1.3.0
  Downloading six-1.16.0-py2.py3-none-any.whl (11 kB)
Collecting pytz
  Downloading pytz-2023.3-py2.py3-none-any.whl (502 kB)
     â”â”â”â”â”â”â”â”â”â”â”â”â”â”â”â”â”â”â”â”â”â”â”â”â”â”â”â”â”â”â”â”â”â”â”â”â”â”â” 502.3/502.3 kB 7.7 MB/s eta 0:00:00
Collecting MarkupSafe>=2.0
  Downloading MarkupSafe-2.1.2-cp311-cp311-musllinux_1_1_x86_64.whl (33 kB)
Building wheels for collected packages: flask-jsonpify
  Building wheel for flask-jsonpify (setup.py): started
  Building wheel for flask-jsonpify (setup.py): finished with status 'done'
  Created wheel for flask-jsonpify: filename=Flask_Jsonpify-1.5.0-py3-none-any.whl size=3081 sha256=bce4d52cb3fd01b4a77f08d338e62bf8e02e1002db207dadb2b89306e1bd3762
  Stored in directory: /root/.cache/pip/wheels/21/1e/6f/071691c6b46e14d40fc7146256d0d2b519d7eb73f842e26525
Successfully built flask-jsonpify
Installing collected packages: pytz, aniso8601, six, MarkupSafe, itsdangerous, click, Werkzeug, Jinja2, flask, flask-restful, flask-jsonpify
Successfully installed Jinja2-3.1.2 MarkupSafe-2.1.2 Werkzeug-2.2.3 aniso8601-9.0.1 click-8.1.3 flask-2.2.3 flask-jsonpify-1.5.0 flask-restful-0.3.9 itsdangerous-2.1.2 pytz-2023.3 six-1.16.0
[91mWARNING: Running pip as the 'root' user can result in broken permissions and conflicting behaviour with the system package manager. It is recommended to use a virtual environment instead: https://pip.pypa.io/warnings/venv
[0m
[91m
[notice] A new release of pip available: 22.3.1 -> 23.0.1
[notice] To update, run: pip install --upgrade pip
[0m
Removing intermediate container 42e2ee37faf2
 ---> cc814c51439b
Step 6/7 : COPY app.py ./
 ---> 3d1f328046c5
Step 7/7 : CMD ["python3", "app.py"]
 ---> Running in e3a6f4fa14f7
Removing intermediate container e3a6f4fa14f7
 ---> 592588e9d4bc
Successfully built 592588e9d4bc
Successfully tagged cr.yandex/crpdq9ddv26kvckik5rv/hello:gitlab-f9a04c21
[32;1m$ docker push cr.yandex/crpdq9ddv26kvckik5rv/hello:gitlab-$CI_COMMIT_SHORT_SHA[0;m
The push refers to repository [cr.yandex/crpdq9ddv26kvckik5rv/hello]
381e9d7c9e1c: Preparing
ab520fde33a2: Preparing
60aaa3e1aa0d: Preparing
6002c34ecc4b: Preparing
54d96fbe8473: Preparing
c4bcadb26d58: Preparing
a442d5c4dd32: Preparing
afe664e55619: Preparing
f1417ff83b31: Preparing
c4bcadb26d58: Waiting
a442d5c4dd32: Waiting
afe664e55619: Waiting
f1417ff83b31: Waiting
54d96fbe8473: Layer already exists
c4bcadb26d58: Layer already exists
a442d5c4dd32: Layer already exists
afe664e55619: Layer already exists
f1417ff83b31: Layer already exists
60aaa3e1aa0d: Pushed
381e9d7c9e1c: Pushed
6002c34ecc4b: Pushed
ab520fde33a2: Pushed
gitlab-f9a04c21: digest: sha256:65fa27b595dfeb8d3e4b32863a0dff0c953242cd0c0094a87fee46b4d975ce14 size: 2200

section_end:1680213378:step_script
[0Ksection_start:1680213378:cleanup_file_variables
[0K[0K[36;1mCleaning up project directory and file based variables[0;m[0;m

section_end:1680213378:cleanup_file_variables
[0K[32;1mJob succeeded[0;m